<?xml version="1.0" encoding="UTF-8"?>
<testng-results skipped="0" failed="0" ignored="0" total="1" passed="1">
  <reporter-output>
  </reporter-output>
  <suite name="Default suite" duration-ms="113" started-at="2020-05-05T08:57:54 IST" finished-at="2020-05-05T08:57:54 IST">
    <groups>
    </groups>
    <test name="Default test" duration-ms="113" started-at="2020-05-05T08:57:54 IST" finished-at="2020-05-05T08:57:54 IST">
      <class name="org.test.SampleTestNg">
        <test-method status="PASS" signature="tc1()[pri:0, instance:org.test.SampleTestNg@4973813a]" name="tc1" duration-ms="33" started-at="2020-05-05T08:57:54 IST" finished-at="2020-05-05T08:57:54 IST">
          <reporter-output>
          </reporter-output>
        </test-method> <!-- tc1 -->
      </class> <!-- org.test.SampleTestNg -->
    </test> <!-- Default test -->
  </suite> <!-- Default suite -->
</testng-results>
